2022-06-18 11:40:27,252 DEBUG decos.py Была вызвана функция arg_parser с параметрами (), {}. Вызов из модуля __main__.
2022-06-18 11:55:20,544 DEBUG decos.py Была вызвана функция arg_parser с параметрами ('7777', ''), {}. Вызов из модуля __main__.
2022-06-18 11:57:30,517 DEBUG decos.py Была вызвана функция arg_parser с параметрами ('7777', ''), {}. Вызов из модуля __main__.
2022-06-18 11:57:50,489 DEBUG decos.py Была вызвана функция arg_parser с параметрами ('7777', ''), {}. Вызов из модуля __main__.
2022-06-18 12:03:08,679 INFO server.py Запущен сервер, порт для подключений: 7777, адрес с которого принимаются подключения: . Если адрес не указан, принимаются соединения с любых адресов.
2022-06-18 14:29:30,933 INFO server.py Запущен сервер, порт для подключений: 7777, адрес с которого принимаются подключения: . Если адрес не указан, принимаются соединения с любых адресов.
2022-06-18 14:29:45,508 INFO server.py Установлено соедение с ПК ('127.0.0.1', 58410)
2022-06-18 14:29:45,509 DEBUG server.py Разбор сообщения от клиента : {'action': 'presence', 'time': 1655537385.5082114, 'user': {'account_name': 'Spawn'}}
2022-06-18 14:29:46,061 DEBUG server.py Разбор сообщения от клиента : {'action': 'get_users', 'time': 1655537385.560448, 'account_name': 'Spawn'}
2022-06-18 14:29:46,564 DEBUG server.py Разбор сообщения от клиента : {'action': 'get_contacts', 'time': 1655537386.0818431, 'user': 'Spawn'}
2022-06-18 14:30:14,626 DEBUG server.py Разбор сообщения от клиента : {'action': 'exit', 'time': 1655537414.219105, 'account_name': 'Spawn'}
2022-06-18 14:30:14,639 INFO server.py Клиент Spawn корректно отключился от сервера.
2022-06-18 14:35:03,089 INFO server.py Запущен сервер, порт для подключений: 7777, адрес с которого принимаются подключения: . Если адрес не указан, принимаются соединения с любых адресов.
2022-06-18 14:35:10,145 INFO server.py Установлено соедение с ПК ('127.0.0.1', 55282)
2022-06-18 14:35:10,145 DEBUG server.py Разбор сообщения от клиента : {'action': 'presence', 'time': 1655537710.1450493, 'user': {'account_name': 'Макс'}}
2022-06-18 14:35:10,699 DEBUG server.py Разбор сообщения от клиента : {'action': 'get_users', 'time': 1655537710.1988947, 'account_name': 'Макс'}
2022-06-18 14:35:11,202 DEBUG server.py Разбор сообщения от клиента : {'action': 'get_contacts', 'time': 1655537710.7170575, 'user': 'Макс'}
2022-06-18 14:35:55,773 INFO server.py Клиент ('127.0.0.1', 55282) отключился от сервера
2022-06-18 14:36:58,341 INFO server.py Установлено соедение с ПК ('127.0.0.1', 45626)
2022-06-18 14:36:58,341 DEBUG server.py Разбор сообщения от клиента : {'action': 'presence', 'time': 1655537818.3410532, 'user': {'account_name': 'Макс'}}
2022-06-18 14:37:06,231 INFO server.py Установлено соедение с ПК ('127.0.0.1', 45630)
2022-06-18 14:37:06,232 DEBUG server.py Разбор сообщения от клиента : {'action': 'presence', 'time': 1655537826.231762, 'user': {'account_name': 'Maks'}}
2022-06-18 14:37:06,759 DEBUG server.py Разбор сообщения от клиента : {'action': 'get_users', 'time': 1655537826.2592938, 'account_name': 'Maks'}
2022-06-18 14:37:07,261 DEBUG server.py Разбор сообщения от клиента : {'action': 'get_contacts', 'time': 1655537826.776267, 'user': 'Maks'}
2022-06-18 14:37:16,774 INFO server.py Клиент ('127.0.0.1', 45630) отключился от сервера
2022-06-18 14:38:05,645 INFO server.py Установлено соедение с ПК ('127.0.0.1', 49152)
2022-06-18 14:38:05,646 DEBUG server.py Разбор сообщения от клиента : {'action': 'presence', 'time': 1655537885.6458256, 'user': {'account_name': 'Max'}}
2022-06-18 14:38:06,173 DEBUG server.py Разбор сообщения от клиента : {'action': 'get_users', 'time': 1655537885.6730564, 'account_name': 'Max'}
2022-06-18 14:38:06,676 DEBUG server.py Разбор сообщения от клиента : {'action': 'get_contacts', 'time': 1655537886.1896982, 'user': 'Max'}
2022-06-18 14:38:16,691 INFO server.py Клиент ('127.0.0.1', 49152) отключился от сервера
2022-06-18 14:41:51,305 INFO server.py Запущен сервер, порт для подключений: 7777, адрес с которого принимаются подключения: . Если адрес не указан, принимаются соединения с любых адресов.
2022-06-18 14:42:05,007 INFO server.py Установлено соедение с ПК ('127.0.0.1', 41112)
2022-06-18 14:42:05,007 DEBUG server.py Разбор сообщения от клиента : {'action': 'presence', 'time': 1655538125.0069802, 'user': {'account_name': 'Spawn'}}
2022-06-18 14:42:05,540 DEBUG server.py Разбор сообщения от клиента : {'action': 'get_users', 'time': 1655538125.039646, 'account_name': 'Spawn'}
2022-06-18 14:42:06,042 DEBUG server.py Разбор сообщения от клиента : {'action': 'get_contacts', 'time': 1655538125.5563705, 'user': 'Spawn'}
2022-06-18 14:42:15,580 DEBUG server.py Разбор сообщения от клиента : {'action': 'get_users', 'time': 1655538134.6381862, 'account_name': 'Spawn'}
2022-06-18 14:42:19,086 DEBUG server.py Разбор сообщения от клиента : {'action': 'get_users', 'time': 1655538138.941015, 'account_name': 'Spawn'}
2022-06-18 14:42:41,612 INFO server.py Клиент ('127.0.0.1', 41112) отключился от сервера
2022-06-18 14:42:46,531 INFO server.py Установлено соедение с ПК ('127.0.0.1', 36646)
2022-06-18 14:42:46,532 DEBUG server.py Разбор сообщения от клиента : {'action': 'presence', 'time': 1655538166.5317698, 'user': {'account_name': 'Max'}}
2022-06-18 14:42:47,059 DEBUG server.py Разбор сообщения от клиента : {'action': 'get_users', 'time': 1655538166.5594604, 'account_name': 'Max'}
2022-06-18 14:42:47,562 DEBUG server.py Разбор сообщения от клиента : {'action': 'get_contacts', 'time': 1655538167.0774658, 'user': 'Max'}
2022-06-18 14:42:54,072 DEBUG server.py Разбор сообщения от клиента : {'action': 'add', 'time': 1655538173.8025901, 'user': 'Max', 'account_name': 'Spawn'}
2022-06-18 14:43:07,609 DEBUG server.py Разбор сообщения от клиента : {'action': 'message', 'sender': 'Max', 'to': 'Spawn', 'time': 1655538187.5471122, 'message_text': 'Hello Spawn'}
2022-06-18 14:43:07,679 INFO server.py Связь с клиентом с именем Spawn была потеряна
2022-06-18 14:48:48,560 INFO server.py Запущен сервер, порт для подключений: 7777, адрес с которого принимаются подключения: . Если адрес не указан, принимаются соединения с любых адресов.
2022-06-18 14:49:10,380 INFO server.py Установлено соедение с ПК ('127.0.0.1', 44186)
2022-06-18 14:49:10,380 DEBUG server.py Разбор сообщения от клиента : {'action': 'presence', 'time': 1655538550.3804018, 'user': {'account_name': 'Max2'}}
2022-06-18 14:49:10,918 DEBUG server.py Разбор сообщения от клиента : {'action': 'get_users', 'time': 1655538550.4182692, 'account_name': 'Max2'}
2022-06-18 14:49:11,421 DEBUG server.py Разбор сообщения от клиента : {'action': 'get_contacts', 'time': 1655538550.9384487, 'user': 'Max2'}
2022-06-18 14:49:27,383 INFO server.py Установлено соедение с ПК ('127.0.0.1', 37760)
2022-06-18 14:49:27,383 DEBUG server.py Разбор сообщения от клиента : {'action': 'presence', 'time': 1655538567.3830104, 'user': {'account_name': 'max2'}}
2022-06-18 14:49:27,911 DEBUG server.py Разбор сообщения от клиента : {'action': 'get_users', 'time': 1655538567.4107704, 'account_name': 'max2'}
2022-06-18 14:49:28,413 DEBUG server.py Разбор сообщения от клиента : {'action': 'get_contacts', 'time': 1655538567.9281213, 'user': 'max2'}
2022-06-18 14:49:34,924 DEBUG server.py Разбор сообщения от клиента : {'action': 'add', 'time': 1655538574.5821812, 'user': 'max2', 'account_name': 'Max2'}
2022-06-18 14:49:55,469 DEBUG server.py Разбор сообщения от клиента : {'action': 'message', 'sender': 'max2', 'to': 'Max2', 'time': 1655538595.4301348, 'message_text': 'Привет'}
2022-06-18 14:49:55,491 INFO server.py Отправлено сообщение пользователю Max2от пользователя max2.
2022-06-18 14:50:09,006 DEBUG server.py Разбор сообщения от клиента : {'action': 'add', 'time': 1655538608.8391938, 'user': 'Max2', 'account_name': 'max2'}
2022-06-18 14:50:19,031 DEBUG server.py Разбор сообщения от клиента : {'action': 'message', 'sender': 'Max2', 'to': 'max2', 'time': 1655538618.2791154, 'message_text': 'Привет!\n'}
2022-06-18 14:50:19,094 INFO server.py Отправлено сообщение пользователю max2от пользователя Max2.
2022-06-18 14:58:44,167 DEBUG server.py Разбор сообщения от клиента : {'action': 'exit', 'time': 1655539123.7154963, 'account_name': 'Max2'}
2022-06-18 14:58:44,182 INFO server.py Клиент Max2 корректно отключился от сервера.
2022-06-18 14:58:49,188 DEBUG server.py Разбор сообщения от клиента : {'action': 'exit', 'time': 1655539128.711953, 'account_name': 'max2'}
2022-06-18 14:58:49,208 INFO server.py Клиент max2 корректно отключился от сервера.
2022-06-18 14:58:57,753 INFO server.py Запущен сервер, порт для подключений: 7777, адрес с которого принимаются подключения: . Если адрес не указан, принимаются соединения с любых адресов.
2022-06-18 14:59:06,856 INFO server.py Установлено соедение с ПК ('127.0.0.1', 42826)
2022-06-18 14:59:06,856 DEBUG server.py Разбор сообщения от клиента : {'action': 'presence', 'time': 1655539146.856138, 'user': {'account_name': '1'}}
2022-06-18 14:59:07,399 DEBUG server.py Разбор сообщения от клиента : {'action': 'get_users', 'time': 1655539146.8993726, 'account_name': '1'}
2022-06-18 14:59:07,902 DEBUG server.py Разбор сообщения от клиента : {'action': 'get_contacts', 'time': 1655539147.4146001, 'user': '1'}
2022-06-18 14:59:13,190 INFO server.py Установлено соедение с ПК ('127.0.0.1', 42830)
2022-06-18 14:59:13,190 DEBUG server.py Разбор сообщения от клиента : {'action': 'presence', 'time': 1655539153.1903207, 'user': {'account_name': '2'}}
2022-06-18 14:59:13,718 DEBUG server.py Разбор сообщения от клиента : {'action': 'get_users', 'time': 1655539153.2174292, 'account_name': '2'}
2022-06-18 14:59:14,220 DEBUG server.py Разбор сообщения от клиента : {'action': 'get_contacts', 'time': 1655539153.7332666, 'user': '2'}
2022-06-18 14:59:33,245 DEBUG server.py Разбор сообщения от клиента : {'action': 'add', 'time': 1655539173.0455997, 'user': '2', 'account_name': '1'}
2022-06-18 14:59:47,283 DEBUG server.py Разбор сообщения от клиента : {'action': 'add', 'time': 1655539187.2340333, 'user': '1', 'account_name': 'Max'}
2022-06-18 14:59:55,308 DEBUG server.py Разбор сообщения от клиента : {'action': 'message', 'sender': '2', 'to': '1', 'time': 1655539195.224246, 'message_text': 'q\n'}
2022-06-18 14:59:55,331 INFO server.py Отправлено сообщение пользователю 1от пользователя 2.
2022-06-18 14:59:57,334 DEBUG server.py Разбор сообщения от клиента : {'action': 'add', 'time': 1655539196.9538405, 'user': '1', 'account_name': '2'}
2022-06-18 15:00:06,861 DEBUG server.py Разбор сообщения от клиента : {'action': 'message', 'sender': '1', 'to': '2', 'time': 1655539206.4430294, 'message_text': 'q\n'}
2022-06-18 15:00:06,932 INFO server.py Отправлено сообщение пользователю 2от пользователя 1.
2022-06-18 15:00:22,950 DEBUG server.py Разбор сообщения от клиента : {'action': 'message', 'sender': '1', 'to': '2', 'time': 1655539222.0853138, 'message_text': 'q'}
2022-06-18 15:00:23,009 INFO server.py Отправлено сообщение пользователю 2от пользователя 1.
2022-06-18 15:00:32,020 DEBUG server.py Разбор сообщения от клиента : {'action': 'message', 'sender': '2', 'to': '1', 'time': 1655539231.9186885, 'message_text': 'q\n'}
2022-06-18 15:00:32,047 INFO server.py Отправлено сообщение пользователю 1от пользователя 2.
2022-06-18 15:00:41,558 DEBUG server.py Разбор сообщения от клиента : {'action': 'exit', 'time': 1655539241.3122003, 'account_name': '2'}
2022-06-18 15:00:41,580 INFO server.py Клиент 2 корректно отключился от сервера.
2022-06-18 15:00:43,081 DEBUG server.py Разбор сообщения от клиента : {'action': 'exit', 'time': 1655539242.6780994, 'account_name': '1'}
2022-06-18 15:00:43,095 INFO server.py Клиент 1 корректно отключился от сервера.
2022-06-18 15:03:28,984 INFO server.py Установлено соедение с ПК ('127.0.0.1', 55060)
2022-06-18 15:03:28,984 DEBUG server.py Разбор сообщения от клиента : {'action': 'presence', 'time': 1655539408.9841244, 'user': {'account_name': 'max2'}}
2022-06-18 15:03:29,502 DEBUG server.py Разбор сообщения от клиента : {'action': 'get_users', 'time': 1655539409.002058, 'account_name': 'max2'}
2022-06-18 15:03:30,004 DEBUG server.py Разбор сообщения от клиента : {'action': 'get_contacts', 'time': 1655539409.5217876, 'user': 'max2'}
2022-06-18 15:03:47,919 INFO server.py Установлено соедение с ПК ('127.0.0.1', 58730)
2022-06-18 15:03:47,920 DEBUG server.py Разбор сообщения от клиента : {'action': 'presence', 'time': 1655539427.9195545, 'user': {'account_name': 'max3'}}
2022-06-18 15:03:48,450 DEBUG server.py Разбор сообщения от клиента : {'action': 'get_users', 'time': 1655539427.9497988, 'account_name': 'max3'}
2022-06-18 15:03:48,952 DEBUG server.py Разбор сообщения от клиента : {'action': 'get_contacts', 'time': 1655539428.4689407, 'user': 'max3'}
2022-06-18 15:03:55,962 DEBUG server.py Разбор сообщения от клиента : {'action': 'add', 'time': 1655539435.7949626, 'user': 'max3', 'account_name': 'max2'}
2022-06-18 15:04:04,486 DEBUG server.py Разбор сообщения от клиента : {'action': 'message', 'sender': 'max3', 'to': 'max2', 'time': 1655539443.9620075, 'message_text': 'Hi\n'}
2022-06-18 15:04:04,506 INFO server.py Отправлено сообщение пользователю max2от пользователя max3.
2022-06-18 15:04:06,509 DEBUG server.py Разбор сообщения от клиента : {'action': 'add', 'time': 1655539445.7556038, 'user': 'max2', 'account_name': 'max3'}
2022-06-18 15:04:09,533 DEBUG server.py Разбор сообщения от клиента : {'action': 'add', 'time': 1655539449.092976, 'user': 'max2', 'account_name': '1'}
2022-06-18 15:04:19,613 DEBUG server.py Разбор сообщения от клиента : {'action': 'message', 'sender': 'max2', 'to': 'max3', 'time': 1655539459.422082, 'message_text': 'Hi\n'}
2022-06-18 15:04:19,631 INFO server.py Отправлено сообщение пользователю max3от пользователя max2.
2022-06-18 15:04:30,645 DEBUG server.py Разбор сообщения от клиента : {'action': 'exit', 'time': 1655539470.3906343, 'account_name': 'max3'}
2022-06-18 15:04:30,660 INFO server.py Клиент max3 корректно отключился от сервера.
2022-06-18 15:04:33,163 DEBUG server.py Разбор сообщения от клиента : {'action': 'exit', 'time': 1655539472.8887675, 'account_name': 'max2'}
2022-06-18 15:04:33,179 INFO server.py Клиент max2 корректно отключился от сервера.
2022-06-18 15:05:18,623 INFO server.py Установлено соедение с ПК ('127.0.0.1', 57874)
2022-06-18 15:05:18,623 DEBUG server.py Разбор сообщения от клиента : {'action': 'presence', 'time': 1655539518.6231792, 'user': {'account_name': 'fds'}}
2022-06-18 15:05:19,150 DEBUG server.py Разбор сообщения от клиента : {'action': 'get_users', 'time': 1655539518.6502683, 'account_name': 'fds'}
2022-06-18 15:05:19,653 DEBUG server.py Разбор сообщения от клиента : {'action': 'get_contacts', 'time': 1655539519.1692693, 'user': 'fds'}
2022-06-18 15:05:32,458 INFO server.py Установлено соедение с ПК ('127.0.0.1', 41230)
2022-06-18 15:05:32,458 DEBUG server.py Разбор сообщения от клиента : {'action': 'presence', 'time': 1655539532.458536, 'user': {'account_name': 'sda'}}
2022-06-18 15:05:32,987 DEBUG server.py Разбор сообщения от клиента : {'action': 'get_users', 'time': 1655539532.4859478, 'account_name': 'sda'}
2022-06-18 15:05:33,489 DEBUG server.py Разбор сообщения от клиента : {'action': 'get_contacts', 'time': 1655539533.0059114, 'user': 'sda'}
2022-06-18 15:05:39,999 DEBUG server.py Разбор сообщения от клиента : {'action': 'add', 'time': 1655539539.1538873, 'user': 'sda', 'account_name': 'fds'}
2022-06-18 15:05:46,524 DEBUG server.py Разбор сообщения от клиента : {'action': 'message', 'sender': 'sda', 'to': 'fds', 'time': 1655539546.2291627, 'message_text': 'q\n'}
2022-06-18 15:05:46,545 INFO server.py Отправлено сообщение пользователю fdsот пользователя sda.
2022-06-18 15:05:48,548 DEBUG server.py Разбор сообщения от клиента : {'action': 'add', 'time': 1655539547.8692982, 'user': 'fds', 'account_name': 'sda'}
2022-06-18 15:05:58,075 DEBUG server.py Разбор сообщения от клиента : {'action': 'exit', 'time': 1655539558.0507317, 'account_name': 'fds'}
2022-06-18 15:05:58,089 INFO server.py Клиент fds корректно отключился от сервера.
2022-06-18 15:05:59,591 DEBUG server.py Разбор сообщения от клиента : {'action': 'exit', 'time': 1655539559.5117111, 'account_name': 'sda'}
2022-06-18 15:05:59,606 INFO server.py Клиент sda корректно отключился от сервера.
